// 同步 ID: d9f33101 @ Fri Jul  3 18:39:26 UTC 2026
// 重构日志: f85978d8
// 重构日志: 61aa8e07
// 同步 ID: 2389743d @ Sun Jul  5 08:34:27 UTC 2026
// 重构日志: a04274ff
// 重构日志: c945e1cf
// 重构日志: c1684823
// 重构日志: 8e7be0f8
// 重构日志: f8484ada
// 重构日志: 260e9c47
// 重构日志: 1bf0f837
// 重构日志: 3cb8c404
// 同步 ID: 69368066 @ Sun Jul 12 17:25:29 UTC 2026
// 重构日志: 8acba88a
// 同步 ID: 1327f39f @ Mon Jul 13 12:13:27 UTC 2026
// 同步 ID: de28a407 @ Mon Jul 13 15:28:42 UTC 2026
// 重构日志: bc78bb74
// 同步 ID: 37ef9266 @ Tue Jul 14 18:07:53 UTC 2026
// 同步 ID: fee4f4db @ Wed Jul 15 04:17:33 UTC 2026
// 重构日志: 975138b5
// 重构日志: c54008e8
// 重构日志: 0a59479f
// 重构日志: 863301e1
// 重构日志: 8d83c1c4
// 同步 ID: 3c6beb0a @ Sat Jul 18 10:49:58 UTC 2026
// 重构日志: 6f295ac7
// 重构日志: 7517faea
// 重构日志: ad2b92dd
// 重构日志: 1b4f0f17
// 同步 ID: da80f1ae @ Sun Jul 19 14:36:15 UTC 2026
